
2020-06-25 04:31:59,224:showError:showMeError: No subtitles found in sample.txt.srt
2020-06-25 04:34:44,643:showError:ErrorFile: C:\Users\darkstar\Desktop\test1_error.log
2020-06-25 04:37:32,318:showError:ErrorFile: C:\Users\darkstar\Desktop\SUBS\test_error.log
2020-06-25 04:37:34,881:showError:ErrorFile: C:\Users\darkstar\Desktop\SUBS\test1_error.log
2020-06-25 04:39:49,342:showError:showMeError: No subtitles found in sample.txt.cyr.srt
2020-06-25 04:44:54,293:showError:showMeError: No subtitles found in sample.txt.cyr.srt
2020-06-25 14:25:10,859:showError:ErrorFile: C:\Users\darkstar\Desktop\test1_error.log
2020-06-25 19:37:52,888:showError:ErrorFile: C:\Users\darkstar\Desktop\test1_error.log
2020-06-25 19:41:46,316:showError:ErrorFile: C:\Users\darkstar\Desktop\test1_error.log
2020-06-25 19:49:49,610:showError:ErrorFile, unexpected error: [Errno 2] No such file or directory: 'C:\\Users\\darkstar\\Desktop\\SUBS\\youngsheldon.s02e09.hrv.titl.zavrsni.srt\\TEST.tr.cyr_error.log'
2020-06-25 21:05:01,511:showError:ErrorFile: C:\Users\darkstar\Desktop\test1_error.log
2020-06-26 02:23:27,407:showError:ErrorFile: C:\Users\darkstar\Desktop\test1_error.log
2020-06-26 03:25:39,002:showError:ErrorFile: C:\Users\darkstar\Desktop\test1_error.log
2020-06-26 03:34:36,146:showError:ErrorFile: C:\Users\darkstar\Desktop\test1_error.log
2020-06-26 03:39:16,208:showError:ErrorFile: C:\Users\darkstar\Desktop\test1_error.log
2020-06-26 03:44:13,253:showError:ErrorFile: C:\Users\darkstar\Desktop\test1_error.log
2020-06-26 03:59:08,795:showError:ErrorFile: C:\Users\darkstar\Desktop\test1_error.log
2020-06-26 04:56:55,694:showError:ErrorFile: C:\Users\darkstar\Desktop\test1_error.log
2020-06-26 11:25:57,885:showError:ErrorFile: C:\Users\darkstar\Desktop\test1_error.log
2020-06-26 11:26:18,465:showError:ErrorFile: C:\Users\darkstar\Desktop\test1_error.log
2020-06-26 11:40:19,939:showError:ErrorFile: C:\Users\darkstar\Desktop\test1_error.log
2020-06-26 13:14:09,234:showError:ErrorFile: C:\Users\darkstar\Desktop\test1_error.log
2020-06-26 13:15:29,869:showError:ErrorFile: C:\Users\darkstar\Desktop\test1_error.log
2020-06-26 18:49:47,775:showError:ErrorFile: C:\Users\darkstar\Desktop\test1_error.log
2020-06-26 18:57:07,469:showError:ErrorFile: C:\Users\darkstar\Desktop\test1_error.log
2020-06-28 04:33:03,325:showError:ErrorFile: C:\Users\darkstar\Desktop\test1_error.log
2020-06-28 10:08:38,166:showError:ErrorFile: C:\Users\darkstar\Desktop\test1_error.log
2020-06-28 10:09:37,465:showError:ErrorFile: C:\Users\darkstar\Desktop\test1_error.log
2020-06-28 10:13:06,040:showError:ErrorFile: C:\Users\darkstar\Desktop\test1_error.log
2020-06-28 10:13:23,620:showError:ErrorFile: C:\Users\darkstar\Desktop\test1_error.log
2020-06-28 10:15:39,396:showError:ErrorFile: C:\Users\darkstar\Desktop\test1_error.log
2020-06-28 10:16:57,858:showError:ErrorFile: C:\Users\darkstar\Desktop\test1_error.log
2020-06-28 10:18:45,327:showError:ErrorFile: C:\Users\darkstar\Desktop\test1_error.log
2020-06-28 10:19:25,246:showError:ErrorFile: C:\Users\darkstar\Desktop\test1_error.log
2020-06-28 10:22:20,661:showError:ErrorFile: C:\Users\darkstar\Desktop\test1_error.log
2020-06-28 16:52:57,759:showError:ErrorFile: C:\Users\darkstar\Desktop\test1_error.log
2020-06-28 16:55:11,998:showError:ErrorFile: C:\Users\darkstar\Desktop\test1_error.log
2020-06-28 21:44:38,894:showError:ErrorFile: C:\Users\darkstar\Desktop\test1_error.log
2020-06-28 22:13:56,433:showError:ErrorFile: C:\Users\darkstar\Desktop\test1_error.log
2020-07-03 22:22:58,412:showError:ErrorFile: C:\Users\darkstar\Desktop\test1_error.log
2020-07-05 12:30:34,054:showError:showMeError: No subtitles found in sample.txt.srt
2020-07-09 09:56:05,098:showError:ErrorFile: C:\Users\darkstar\Desktop\Painter of the Wind episode 1 - 631v.lat_sfxy-ocr-mrg.cyr.cln.utf8_error.log
2020-07-09 10:02:21,664:showError:ErrorFile: C:\Users\darkstar\Desktop\Painter of the Wind episode 1 - 631v.lat_sfxy-ocr-mrg_utf8.cyr_error.log
2020-07-29 04:36:21,634:showError:ErrorFile: C:\Users\darkstar\Desktop\SUBS\Spider.Man-Far.From.Home.2019.KORSUB.HDRip.x264-STUTTERSHIT-HI_error.log
2020-07-29 11:00:25,918:showError:ErrorFile: C:\Users\darkstar\Desktop\SUBS\Spider.Man-Far.From.Home.2019.KORSUB.HDRip.x264-STUTTERSHIT-HI_error.log
2020-08-02 03:56:13,539:showError:showMeError: No subtitles found in sample.txt.srt
2020-08-02 04:00:20,620:showError:showMeError: No subtitles found in sample.txt.srt
2020-08-10 22:54:08,500:showError:showMeError: No subtitles found in sample.txt.srt
2020-08-10 22:54:42,758:showError:showMeError: No subtitles found in sample.txt.srt
2020-08-10 23:09:42,654:showError:showMeError: No subtitles found in sample.txt.srt
2020-08-10 23:10:10,928:showError:showMeError: No subtitles found in sample.txt.srt
