2019-10-17 01:14:31,703:showError:ErrorFile: C:\Users\darkstar\Desktop\test1_error.log
2019-10-25 03:04:02,409:showError:ErrorFile: C:\Users\darkstar\Desktop\test1.lat_error.log
2019-10-25 03:05:14,623:showError:ErrorFile: C:\Users\darkstar\Desktop\test1.lat_error.log
2019-10-25 03:12:01,523:showError:showMeError: No subtitles found in sample.txt.lat.srt
2019-10-25 03:12:05,370:showError:ErrorFile: C:\Users\darkstar\Desktop\test1.lat_error.log
2019-10-25 03:14:52,078:showError:showMeError: No subtitles found in sample.txt.lat.srt
2019-10-25 03:18:20,245:showError:showMeError: No subtitles found in sample.txt.lat.srt
2019-10-25 03:21:24,736:showError:showMeError: No subtitles found in sample.txt.lat.srt
2019-10-25 03:21:26,497:showError:ErrorFile: C:\Users\darkstar\Desktop\test1.lat_error.log
2019-10-25 03:26:47,971:showError:showMeError: No subtitles found in sample.txt.lat.srt
2019-10-25 03:26:52,864:showError:ErrorFile: C:\Users\darkstar\Desktop\test1.lat_error.log
2019-10-25 03:27:13,917:showError:showMeError: No subtitles found in sample.txt.srt
2019-10-25 03:27:22,653:showError:showMeError: No subtitles found in sample.txt.utf8.txt
2019-10-25 03:27:50,914:showError:showMeError: No subtitles found in sample.txt.lat.srt
2019-10-25 03:27:53,298:showError:ErrorFile: C:\Users\darkstar\Desktop\test1.lat_error.log
2019-10-25 03:45:12,355:showError:showMeError: No subtitles found in sample.txt.lat.srt
2019-10-25 03:45:14,365:showError:ErrorFile: C:\Users\darkstar\Desktop\test1.lat_error.log
2019-10-25 03:47:41,760:showError:showMeError: No subtitles found in sample.txt.lat.srt
2019-10-25 03:47:43,825:showError:ErrorFile: C:\Users\darkstar\Desktop\test1.lat_error.log
2019-10-25 22:28:04,526:showError:ErrorFile: C:\Users\darkstar\Desktop\TEST.tr.lat_error.log
2019-10-25 22:28:07,739:showError:ErrorFile: C:\Users\darkstar\Desktop\test1.lat_error.log
2019-10-25 22:28:39,171:showError:ErrorFile: C:\Users\darkstar\Desktop\TEST.tr_error.log
