2019-08-26 02:37:05,239:__main__:File opened: Travelers.2016.S01E01.BDRip.X264-DEFLATE.srt.cyr.srt
2019-08-26 02:37:37,403:__main__:Nothing to do, encoding is: windows-1251
2019-08-26 02:38:01,446:__main__:File opened: Travelers.2016.S01E01.BDRip.X264-DEFLATE.srt.srt
2019-08-28 01:02:37,917:__main__:File opened: test1.srt
2019-08-28 01:04:06,204:__main__:File opened: test1.srt
2019-08-28 01:04:44,161:__main__:File opened: test1.srt
2019-08-28 01:05:13,256:__main__:File opened: test1.srt
2019-08-28 01:17:48,836:__main__:File opened: test1.srt
2019-08-28 01:18:19,454:__main__:File opened: test1.srt
2019-08-28 01:18:55,902:__main__:File opened: test1.srt
2019-08-28 01:19:08,642:__main__:ZIP file saved sucessfully: C:\Users\darkstar\Desktop\new_file.zip
2019-08-28 07:38:26,598:__main__:File opened: Travelers.2016.S01E01.BDRip.X264-DEFLATE.srt.srt
2019-08-28 07:47:23,849:__main__:File opened: Travelers.2016.S01E01.BDRip.X264-DEFLATE.srt
2019-08-28 21:26:52,062:__main__:File opened: Travelers.2016.S01E01.BDRip.X264-DEFLATE.srt
2019-08-28 21:49:04,348:__main__:File opened: Travelers.2016.S01E01.BDRip.X264-DEFLATE.srt
2019-08-28 21:49:41,078:__main__:File opened: Travelers.2016.S01E01.BDRip.X264-DEFLATE.srt
2019-08-28 21:50:22,349:__main__:File opened: Travelers.2016.S01E01.BDRip.X264-DEFLATE.srt
2019-08-28 22:00:28,930:__main__:File opened: Travelers.2016.S01E01.BDRip.X264-DEFLATE.srt
2019-08-28 22:03:19,317:__main__:File opened: Travelers.2016.S01E01.BDRip.X264-DEFLATE.srt
2019-08-28 22:03:31,834:__main__:ZIP file saved sucessfully: C:\Users\darkstar\Desktop\new_file.zip
2019-08-28 22:08:41,986:__main__:File opened: Travelers.2016.S01E01.BDRip.X264-DEFLATE.srt
2019-08-28 22:08:57,829:__main__:ZIP file saved sucessfully: C:\Users\darkstar\Desktop\new_file.zip
2019-08-28 22:20:59,455:__main__:File opened: Travelers.2016.S01E01.BDRip.X264-DEFLATE.srt
2019-08-28 22:28:16,983:__main__:File opened: Travelers.2016.S01E01.BDRip.X264-DEFLATE.srt
2019-08-28 22:30:55,868:__main__:File opened: Travelers.2016.S01E01.BDRip.X264-DEFLATE.srt
2019-08-28 22:31:17,962:__main__:ZIP file saved sucessfully: C:\Users\darkstar\Desktop\new_file.zip
2019-08-28 22:35:23,292:__main__:File opened: Travelers.2016.S01E01.BDRip.X264-DEFLATE.srt
2019-08-28 22:35:39,267:__main__:ZIP file saved sucessfully: C:\Users\darkstar\Desktop\new_file.zip
2019-08-28 22:39:41,699:__main__:File opened: Travelers.2016.S01E01.BDRip.X264-DEFLATE.srt
2019-08-28 22:39:57,946:__main__:ZIP file saved sucessfully: C:\Users\darkstar\Desktop\new_file.zip
2019-08-28 22:43:51,779:__main__:File opened: Travelers.2016.S01E01.BDRip.X264-DEFLATE.srt
2019-08-28 22:44:18,619:__main__:ZIP file saved sucessfully: C:\Users\darkstar\Desktop\new_file.zip
2019-08-28 22:47:39,933:__main__:File opened: Travelers.2016.S01E01.BDRip.X264-DEFLATE.srt
2019-08-28 22:47:58,470:__main__:ZIP file saved sucessfully: C:\Users\darkstar\Desktop\new_file.zip
2019-08-28 23:12:36,496:__main__:File opened: Travelers.2016.S01E01.BDRip.X264-DEFLATE.srt
2019-08-28 23:12:55,184:__main__:Export ZIP, IOError(tmp\Travelers.2016.S01E01.BDRip.X264-DEFLATE.srt[WinError 2] The system cannot find the file specified: 'C:\\Users\\darkstar\\Desktop\\Travelers.2016.S01E01.BDRip.X264-DEFLATE.cyr_utf8.txt'):
2019-08-28 23:12:55,200:__main__:ZIP file saved sucessfully: C:\Users\darkstar\Desktop\new_file.zip
2019-08-28 23:15:51,892:__main__:File opened: Travelers.2016.S01E01.BDRip.X264-DEFLATE.srt
2019-08-28 23:16:09,906:__main__:Export ZIP_2, IOError(tmp\Travelers.2016.S01E01.BDRip.X264-DEFLATE.srt[WinError 2] The system cannot find the file specified: 'C:\\Users\\darkstar\\Desktop\\Travelers.2016.S01E01.BDRip.X264-DEFLATE.cyr_utf8.txt'):
2019-08-28 23:16:09,906:__main__:ZIP file saved sucessfully: C:\Users\darkstar\Desktop\new_file.zip
2019-08-28 23:17:13,207:__main__:File opened: Travelers.2016.S01E01.BDRip.X264-DEFLATE.srt
2019-08-28 23:19:18,855:__main__:Export ZIP_2, IOError(tmp\Travelers.2016.S01E01.BDRip.X264-DEFLATE.srt[WinError 2] The system cannot find the file specified: 'C:\\Users\\darkstar\\Desktop\\Travelers.2016.S01E01.BDRip.X264-DEFLATE.cyr_utf8.txt'):
2019-08-28 23:19:18,871:__main__:ZIP file saved sucessfully: C:\Users\darkstar\Desktop\new_file.zip
2019-08-28 23:24:33,840:__main__:File opened: Travelers.2016.S01E01.BDRip.X264-DEFLATE.srt
2019-08-28 23:24:51,387:__main__:Remove C:\Users\darkstar\Desktop\Travelers.2016.S01E01.BDRip.X264-DEFLATE.cyr_utf8.txt
2019-08-28 23:24:51,387:__main__:Remove C:\Users\darkstar\Desktop\Travelers.2016.S01E01.BDRip.X264-DEFLATE.cyr_utf8.txt
2019-08-28 23:27:51,864:__main__:File opened: Travelers.2016.S01E01.BDRip.X264-DEFLATE.srt
2019-08-28 23:28:06,406:__main__:Remove C:\Users\darkstar\Desktop\Travelers.2016.S01E01.BDRip.X264-DEFLATE.cyr_utf8.txt
2019-08-28 23:28:06,406:__main__:Remove C:\Users\darkstar\Desktop\Travelers.2016.S01E01.BDRip.X264-DEFLATE.cyr_utf8.txt
2019-08-28 23:28:06,406:__main__:Export ZIP_2, IOError([WinError 2] The system cannot find the file specified: 'C:\\Users\\darkstar\\Desktop\\Travelers.2016.S01E01.BDRip.X264-DEFLATE.cyr_utf8.txt'):
2019-08-28 23:28:06,422:__main__:ZIP file saved sucessfully: C:\Users\darkstar\Desktop\new_file.zip
2019-08-28 23:31:10,950:__main__:File opened: Travelers.2016.S01E01.BDRip.X264-DEFLATE.srt
2019-08-28 23:31:26,388:__main__:Remove C:\Users\darkstar\Desktop\Travelers.2016.S01E01.BDRip.X264-DEFLATE.cyr_utf8.txt
2019-08-28 23:31:26,403:__main__:ZIP file saved sucessfully: C:\Users\darkstar\Desktop\new_file.zip
2019-08-28 23:33:04,723:__main__:File opened: Travelers.2016.S01E01.BDRip.X264-DEFLATE.srt
2019-08-28 23:33:20,660:__main__:ZIP file saved sucessfully: C:\Users\darkstar\Desktop\new_file.zip
2019-08-28 23:35:28,359:__main__:File opened: Travelers.2016.S01E01.BDRip.X264-DEFLATE.srt
2019-08-28 23:35:43,438:__main__:ZIP file saved sucessfully: C:\Users\darkstar\Desktop\new_file.zip
2019-08-28 23:41:06,056:__main__:File opened: Travelers.2016.S01E01.BDRip.X264-DEFLATE.srt
2019-08-28 23:41:18,229:__main__:ZIP file saved sucessfully: C:\Users\darkstar\Desktop\new_file.zip
2019-08-28 23:42:47,195:__main__:File opened: Travelers.2016.S01E01.BDRip.X264-DEFLATE.srt
2019-08-28 23:43:38,747:__main__:File opened: Travelers.2016.S01E01.BDRip.X264-DEFLATE.srt
2019-08-28 23:43:50,950:__main__:ZIP file saved sucessfully: C:\Users\darkstar\Desktop\new_file.zip
2019-08-28 23:46:02,634:__main__:File opened: Travelers.2016.S01E01.BDRip.X264-DEFLATE.srt
2019-08-28 23:46:15,557:__main__:ZIP file saved sucessfully: C:\Users\darkstar\Desktop\new_file.zip
2019-08-28 23:56:46,521:__main__:File opened: Travelers.2016.S01E01.BDRip.X264-DEFLATE.srt
2019-08-28 23:57:26,067:__main__:ZIP export: None selected
2019-08-28 23:57:26,067:__main__:On ZIP: None selected
2019-08-29 00:04:13,401:__main__:File opened: Travelers.2016.S01E01.BDRip.X264-DEFLATE.srt
2019-08-29 00:04:39,604:__main__:ZIP export: None selected
2019-08-29 00:04:39,604:__main__:On ZIP: None selected
2019-08-29 00:06:51,180:__main__:File opened: Travelers.2016.S01E01.BDRip.X264-DEFLATE.srt
2019-08-29 00:07:10,582:__main__:ZIP export: None selected
2019-08-29 00:07:10,597:__main__:On ZIP: None selected
2019-08-29 00:28:26,887:__main__:File opened: Travelers.2016.S01E01.BDRip.X264-DEFLATE.srt
2019-08-29 00:28:40,617:__main__:ZIP file saved sucessfully: C:\Users\darkstar\Desktop\new_file.zip
2019-08-29 00:31:33,007:__main__:File opened: Travelers.2016.S01E01.BDRip.X264-DEFLATE.srt
2019-08-29 00:31:49,867:__main__:Remove C:\Users\darkstar\Desktop\Travelers.2016.S01E01.BDRip.X264-DEFLATE.cyr_utf8.txt
2019-08-29 00:31:49,882:__main__:ZIP file saved sucessfully: C:\Users\darkstar\Desktop\new_file.zip
2019-08-29 00:36:14,112:__main__:File opened: Travelers.2016.S01E01.BDRip.X264-DEFLATE.srt
2019-08-29 00:36:31,520:__main__:Remove C:\Users\darkstar\Desktop\Travelers.2016.S01E01.BDRip.X264-DEFLATE.cyr_utf8.txt
2019-08-29 00:36:31,536:__main__:ZIP file saved sucessfully: C:\Users\darkstar\Desktop\new_file.zip
2019-08-29 00:43:07,959:__main__:File opened: Travelers.2016.S01E01.BDRip.X264-DEFLATE.srt
2019-08-29 00:43:23,501:__main__:Remove C:\Users\darkstar\Desktop\Travelers.2016.S01E01.BDRip.X264-DEFLATE.cyr_utf8.txt
2019-08-29 00:43:23,501:__main__:Remove C:\Users\darkstar\Desktop\Travelers.2016.S01E01.BDRip.X264-DEFLATE.cyr_utf8.txt
2019-08-29 00:43:23,501:__main__:Export ZIP_2, IOError([WinError 2] The system cannot find the file specified: 'C:\\Users\\darkstar\\Desktop\\Travelers.2016.S01E01.BDRip.X264-DEFLATE.cyr_utf8.txt'):
2019-08-29 00:43:23,501:__main__:ZIP file saved sucessfully: C:\Users\darkstar\Desktop\new_file.zip
2019-08-29 00:46:41,640:__main__:File opened: Travelers.2016.S01E01.BDRip.X264-DEFLATE.srt
2019-08-29 00:46:57,229:__main__:ZIP file saved sucessfully: C:\Users\darkstar\Desktop\new_file.zip
2019-08-29 01:21:09,575:__main__:File opened: Travelers.2016.S01E01.BDRip.X264-DEFLATE.srt
2019-08-29 01:21:34,807:__main__:Remove C:\Users\darkstar\Desktop\Travelers.2016.S01E01.BDRip.X264-DEFLATE.cyr_utf8.txt
2019-08-29 01:21:34,838:__main__:ZIP file saved sucessfully: C:\Users\darkstar\Desktop\new_file.zip
2019-08-29 01:22:12,648:__main__:File opened: Travelers.2016.S01E01.BDRip.X264-DEFLATE.srt
2019-08-29 01:22:26,769:__main__:Remove C:\Users\darkstar\Desktop\Travelers.2016.S01E01.BDRip.X264-DEFLATE.cyr_utf8.txt
2019-08-29 01:22:26,769:__main__:ZIP file saved sucessfully: C:\Users\darkstar\Desktop\new_file.zip
2019-08-29 01:24:23,250:__main__:File opened: Travelers.2016.S01E01.BDRip.X264-DEFLATE.srt
2019-08-29 01:24:36,987:__main__:Remove C:\Users\darkstar\Desktop\Travelers.2016.S01E01.BDRip.X264-DEFLATE.cyr_utf8.txt
2019-08-29 01:24:37,002:__main__:ZIP file saved sucessfully: C:\Users\darkstar\Desktop\new_file.zip
2019-08-29 01:27:51,752:__main__:File opened: Travelers.2016.S01E01.BDRip.X264-DEFLATE.srt
2019-08-29 01:28:06,332:__main__:Remove C:\Users\darkstar\Desktop\Travelers.2016.S01E01.BDRip.X264-DEFLATE.cyr_utf8.txt
2019-08-29 01:28:06,348:__main__:ZIP file saved sucessfully: C:\Users\darkstar\Desktop\new_file.zip
2019-08-29 01:30:09,042:__main__:File opened: Travelers.2016.S01E01.BDRip.X264-DEFLATE.srt
2019-08-29 01:30:29,904:__main__:ZIP file saved sucessfully: C:\Users\darkstar\Desktop\new_file.zip
2019-08-29 01:39:22,813:__main__:File opened: Travelers.2016.S01E01.BDRip.X264-DEFLATE.srt
2019-08-29 01:39:42,147:__main__:Remove C:\Users\darkstar\Desktop\Travelers.2016.S01E01.BDRip.X264-DEFLATE.cyr_utf8.txt
2019-08-29 01:39:42,163:__main__:ZIP file saved sucessfully: C:\Users\darkstar\Desktop\new_file.zip
2019-08-29 01:39:57,218:__main__:File opened: Travelers.2016.S01E01.BDRip.X264-DEFLATE.srt
2019-08-29 01:40:14,137:__main__:Remove C:\Users\darkstar\Desktop\Travelers.2016.S01E01.BDRip.X264-DEFLATE.cyr_utf8.txt
2019-08-29 01:40:14,152:__main__:ZIP file saved sucessfully: C:\Users\darkstar\Desktop\new_file.zip
2019-08-29 03:14:27,616:__main__:File opened: Travelers.2016.S01E01.BDRip.X264-DEFLATE.srt
2019-08-29 03:14:44,070:__main__:!Traceback (most recent call last):
!  File "c:\Users\darkstar\Desktop\subConverter-0.5.7\subConverter.py", line 2206, in exportZIP
    for i,x in zip([info1, info2, lat_file], [zdata, tzdata, ldata]):
!UnboundLocalError: local variable 'lat_file' referenced before assignment

2019-08-29 03:14:44,086:__main__:ZIP file saved sucessfully: C:\Users\darkstar\Desktop\new_file.zip
2019-08-29 03:17:41,473:__main__:File opened: Travelers.2016.S01E01.BDRip.X264-DEFLATE.srt
2019-08-29 03:17:54,827:__main__:!Traceback (most recent call last):
!  File "c:\Users\darkstar\Desktop\subConverter-0.5.7\subConverter.py", line 2208, in exportZIP
    for i,x in zip([info1, info2, lat_file], [zdata, tzdata, ldata]):
!UnboundLocalError: local variable 'ldata' referenced before assignment

2019-08-29 03:17:54,842:__main__:ZIP file saved sucessfully: C:\Users\darkstar\Desktop\new_file.zip
2019-08-29 03:18:48,550:__main__:File opened: Travelers.2016.S01E01.BDRip.X264-DEFLATE.srt
2019-08-29 03:18:58,723:__main__:ZIP file saved sucessfully: C:\Users\darkstar\Desktop\new_file.zip
2019-08-29 03:21:01,385:__main__:File opened: Travelers.2016.S01E01.BDRip.X264-DEFLATE.srt
2019-08-29 03:21:57,181:__main__:File opened: Travelers.2016.S01E01.BDRip.X264-DEFLATE.srt
2019-08-29 03:25:05,632:__main__:File opened: Travelers.2016.S01E01.BDRip.X264-DEFLATE.srt
2019-08-29 03:25:19,322:__main__:ZIP file saved sucessfully: C:\Users\darkstar\Desktop\new_file.zip
2019-08-29 23:06:02,769:__main__:File opened: Travelers.2016.S01E01.BDRip.X264-DEFLATE.srt
2019-08-29 23:06:25,189:__main__:Remove C:\Users\darkstar\Desktop\Travelers.2016.S01E01.BDRip.X264-DEFLATE.cyr_utf8.txt
2019-08-29 23:06:25,205:__main__:ZIP file saved sucessfully: C:\Users\darkstar\Desktop\new_file.zip
2019-08-29 23:09:57,408:__main__:FileDrop: Travelers.2016.S01E01.BDRip.X264-DEFLATE.srt
2019-08-29 23:10:16,392:__main__:ZIP file saved sucessfully: C:\Users\darkstar\Desktop\new_file.zip
2019-08-29 23:13:50,654:__main__:FileDrop: Travelers.2016.S01E01.BDRip.X264-DEFLATE.srt
2019-08-29 23:14:03,905:__main__:ZIP file saved sucessfully: C:\Users\darkstar\Desktop\new_file.zip
2019-08-29 23:15:31,033:__main__:File opened: Travelers.2016.S01E01.BDRip.X264-DEFLATE.srt
2019-08-29 23:15:45,784:__main__:ZIP export: None selected
2019-08-29 23:15:45,784:__main__:On ZIP: None selected
2019-08-29 23:17:31,839:__main__:File opened: Travelers.2016.S01E01.BDRip.X264-DEFLATE.srt
2019-08-29 23:17:46,137:__main__:ZIP export: None selected
2019-08-29 23:17:46,137:__main__:On ZIP: None selected
2019-08-29 23:20:31,416:__main__:File opened: Travelers.2016.S01E01.BDRip.X264-DEFLATE.srt
2019-08-29 23:20:43,063:__main__:ZIP export: None selected
2019-08-29 23:20:43,063:__main__:On ZIP: None selected
2019-08-29 23:21:22,323:__main__:ZIP file saved sucessfully: C:\Users\darkstar\Desktop\new_file.zip
2019-08-29 23:23:37,228:__main__:File opened: Travelers.2016.S01E01.BDRip.X264-DEFLATE.srt
2019-08-29 23:23:48,799:__main__:ZIP file saved sucessfully: C:\Users\darkstar\Desktop\new_file.zip
2019-08-29 23:24:41,286:__main__:File opened: Travelers.2016.S01E01.BDRip.X264-DEFLATE.srt
2019-08-29 23:24:52,360:__main__:ZIP file saved sucessfully: C:\Users\darkstar\Desktop\new_file.zip
2019-08-29 23:25:14,506:__main__:File opened: Travelers.2016.S01E01.BDRip.X264-DEFLATE.srt
2019-08-29 23:25:26,382:__main__:ZIP file saved sucessfully: C:\Users\darkstar\Desktop\new_file.zip
2019-08-29 23:28:47,154:__main__:File opened: Travelers.2016.S01E01.BDRip.X264-DEFLATE.srt
2019-08-29 23:28:58,124:__main__:!Traceback (most recent call last):
!  File "c:\Users\darkstar\Desktop\subConverter-0.5.7\subConverter.py", line 2382, in exportZIP
    if i == None and len(x) == 0:
!UnboundLocalError: local variable 'i' referenced before assignment

2019-08-29 23:28:58,124:__main__:ZIP file saved sucessfully: C:\Users\darkstar\Desktop\new_file.zip
2019-08-29 23:29:33,644:__main__:File opened: Travelers.2016.S01E01.BDRip.X264-DEFLATE.srt
2019-08-29 23:29:43,367:__main__:ZIP export: None selected
2019-08-29 23:29:43,367:__main__:On ZIP: None selected
2019-08-29 23:33:45,761:__main__:File opened: Travelers.2016.S01E01.BDRip.X264-DEFLATE.srt
2019-08-29 23:33:56,714:__main__:!Traceback (most recent call last):
!  File "c:\Users\darkstar\Desktop\subConverter-0.5.7\subConverter.py", line 2382, in exportZIP
    if i == None and len(x) == 0:
!UnboundLocalError: local variable 'i' referenced before assignment

2019-08-29 23:33:56,714:__main__:ZIP file saved sucessfully: C:\Users\darkstar\Desktop\new_file.zip
2019-08-29 23:34:36,071:__main__:File opened: Travelers.2016.S01E01.BDRip.X264-DEFLATE.srt
2019-08-29 23:34:50,276:__main__:!Traceback (most recent call last):
!  File "c:\Users\darkstar\Desktop\subConverter-0.5.7\subConverter.py", line 2382, in exportZIP
    if i == None and len(x) == 0:
!UnboundLocalError: local variable 'i' referenced before assignment

2019-08-29 23:34:50,276:__main__:ZIP file saved sucessfully: C:\Users\darkstar\Desktop\new_file.zip
2019-08-29 23:35:23,724:__main__:File opened: Travelers.2016.S01E01.BDRip.X264-DEFLATE.srt
2019-08-29 23:35:40,870:__main__:!Traceback (most recent call last):
!  File "c:\Users\darkstar\Desktop\subConverter-0.5.7\subConverter.py", line 2382, in exportZIP
    if i == None and len(x) == 0:
!UnboundLocalError: local variable 'i' referenced before assignment

2019-08-29 23:35:40,870:__main__:ZIP file saved sucessfully: C:\Users\darkstar\Desktop\new_file.zip
2019-08-29 23:42:50,296:__main__:File opened: Travelers.2016.S01E01.BDRip.X264-DEFLATE.srt
2019-08-29 23:43:30,559:__main__:File opened: Travelers.2016.S01E01.BDRip.X264-DEFLATE.srt
2019-08-29 23:44:44,316:__main__:File opened: Travelers.2016.S01E01.BDRip.X264-DEFLATE.srt
2019-08-29 23:46:28,614:__main__:File opened: Travelers.2016.S01E01.BDRip.X264-DEFLATE.srt
2019-08-30 00:40:14,200:__main__:FileHandler: Ready for multiple files
2019-08-30 00:41:54,595:__main__:FileHandler: Ready for multiple files
2019-08-30 00:47:49,402:__main__:FileHandler: Ready for multiple files
2019-08-30 00:52:29,574:__main__:FileHandler: Ready for multiple files
2019-08-30 00:55:05,158:__main__:FileHandler: Ready for multiple files
2019-08-30 00:55:19,283:__main__:Removed tmp\Travelers.2016.S01E01.BDRip.X264-DEFLATE.srt
2019-08-30 00:55:19,283:__main__:Removed C:\Users\darkstar\Desktop\Travelers.2016.S01E01.BDRip.X264-DEFLATE.cyr_utf8.txt
2019-08-30 00:55:19,299:__main__:Removed tmp\youngsheldon.s02e09.hrv.titl.zavrsni.srt
2019-08-30 00:55:19,299:__main__:Removed C:\Users\darkstar\Desktop\youngsheldon.s02e09.hrv.titl.zavrsni.cyr_utf8.txt
2019-08-30 00:55:19,299:__main__:ZIP file saved sucessfully: C:\Users\darkstar\Desktop\new_file.zip
2019-08-30 00:58:16,951:__main__:FileHandler: Ready for multiple files
2019-08-30 00:59:20,400:__main__:Removed tmp\Travelers.2016.S01E01.BDRip.X264-DEFLATE.srt
2019-08-30 00:59:20,400:__main__:Removed C:\Users\darkstar\Desktop\Travelers.2016.S01E01.BDRip.X264-DEFLATE.cyr_utf8.txt
2019-08-30 00:59:20,400:__main__:Removed tmp\youngsheldon.s02e09.hrv.titl.zavrsni.srt
2019-08-30 00:59:20,400:__main__:Removed C:\Users\darkstar\Desktop\youngsheldon.s02e09.hrv.titl.zavrsni.cyr_utf8.txt
2019-08-30 00:59:20,400:__main__:ZIP file saved sucessfully: C:\Users\darkstar\Desktop\new_file.zip
2019-08-30 01:04:54,125:__main__:FileHandler: Ready for multiple files
2019-08-30 01:05:48,001:__main__:Removed tmp\Travelers.2016.S01E01.BDRip.X264-DEFLATE.srt
2019-08-30 01:05:48,001:__main__:Removed C:\Users\darkstar\Desktop\Travelers.2016.S01E01.BDRip.X264-DEFLATE.cyr_utf8.txt
2019-08-30 01:05:48,001:__main__:Removed tmp\youngsheldon.s02e09.hrv.titl.zavrsni.srt
2019-08-30 01:05:48,001:__main__:Removed C:\Users\darkstar\Desktop\youngsheldon.s02e09.hrv.titl.zavrsni.cyr_utf8.txt
2019-08-30 01:05:48,001:__main__:ZIP file saved sucessfully: C:\Users\darkstar\Desktop\new_file.zip
2019-08-30 01:22:46,459:__main__:FileHandler: Ready for multiple files
2019-08-30 01:22:59,447:__main__:Removed tmp\Travelers.2016.S01E01.BDRip.X264-DEFLATE.srt
2019-08-30 01:22:59,447:__main__:Removed C:\Users\darkstar\Desktop\Travelers.2016.S01E01.BDRip.X264-DEFLATE.cyr_utf8.txt
2019-08-30 01:22:59,447:__main__:Removed tmp\youngsheldon.s02e09.hrv.titl.zavrsni.srt
2019-08-30 01:22:59,447:__main__:Removed C:\Users\darkstar\Desktop\youngsheldon.s02e09.hrv.titl.zavrsni.cyr_utf8.txt
2019-08-30 01:22:59,447:__main__:ZIP file saved sucessfully: C:\Users\darkstar\Desktop\new_file.zip
2019-08-30 01:27:39,380:__main__:FileHandler: Ready for multiple files
2019-08-30 01:31:35,567:__main__:FileHandler: Ready for multiple files
2019-08-30 01:31:54,274:__main__:Removed tmp\Travelers.2016.S01E01.BDRip.X264-DEFLATE.srt
2019-08-30 01:31:54,274:__main__:Removed C:\Users\darkstar\Desktop\Travelers.2016.S01E01.BDRip.X264-DEFLATE.cyr_utf8.txt
2019-08-30 01:31:54,274:__main__:Removed tmp\youngsheldon.s02e09.hrv.titl.zavrsni.srt
2019-08-30 01:31:54,274:__main__:Removed C:\Users\darkstar\Desktop\youngsheldon.s02e09.hrv.titl.zavrsni.cyr_utf8.txt
2019-08-30 01:31:54,274:__main__:ZIP file saved sucessfully: C:\Users\darkstar\Desktop\new_file.zip
2019-08-30 01:35:28,271:__main__:FileHandler: Ready for multiple files
2019-08-30 01:35:40,239:__main__:Removed C:\Users\darkstar\Desktop\Travelers.2016.S01E01.BDRip.X264-DEFLATE.cyr.srt
2019-08-30 01:35:40,239:__main__:Removed C:\Users\darkstar\Desktop\Travelers.2016.S01E01.BDRip.X264-DEFLATE.cyr_utf8.txt
2019-08-30 01:35:40,239:__main__:Removed C:\Users\darkstar\Desktop\youngsheldon.s02e09.hrv.titl.zavrsni.cyr.srt
2019-08-30 01:35:40,239:__main__:Removed C:\Users\darkstar\Desktop\youngsheldon.s02e09.hrv.titl.zavrsni.cyr_utf8.txt
2019-08-30 01:35:40,239:__main__:ZIP file saved sucessfully: C:\Users\darkstar\Desktop\new_file.zip
2019-08-30 02:24:48,950:__main__:FileHandler: Ready for multiple files
2019-08-30 02:25:35,529:__main__:Removed C:\Users\darkstar\Desktop\Travelers.2016.S01E01.BDRip.X264-DEFLATE.cyr.srt
2019-08-30 02:25:35,529:__main__:Removed C:\Users\darkstar\Desktop\Travelers.2016.S01E01.BDRip.X264-DEFLATE.cyr_utf8.txt
2019-08-30 02:25:35,529:__main__:Removed C:\Users\darkstar\Desktop\youngsheldon.s02e09.hrv.titl.zavrsni.cyr.srt
2019-08-30 02:25:35,529:__main__:Removed C:\Users\darkstar\Desktop\youngsheldon.s02e09.hrv.titl.zavrsni.cyr_utf8.txt
2019-08-30 02:25:35,529:__main__:ZIP file saved sucessfully: C:\Users\darkstar\Desktop\new_file.zip
2019-08-30 22:03:17,805:__main__:File opened: Painter of the Wind episode 8 - 1167v.srt
2019-08-30 22:03:46,592:__main__:FileHandler: Ready for multiple files.
2019-08-30 22:05:06,150:__main__:FileHandler: Ready for multiple files.
2019-08-30 22:06:05,732:__main__:Removed C:\Users\darkstar\Desktop\Travelers.2016.S01E01.BDRip.X264-DEFLATE.cyr.srt
2019-08-30 22:06:05,732:__main__:Removed C:\Users\darkstar\Desktop\Travelers.2016.S01E01.BDRip.X264-DEFLATE.cyr_utf8.txt
2019-08-30 22:06:05,732:__main__:Removed C:\Users\darkstar\Desktop\Travelers.2016.S01E02.BDRip.X264-DEFLATE.cyr.srt
2019-08-30 22:06:05,732:__main__:Removed C:\Users\darkstar\Desktop\Travelers.2016.S01E02.BDRip.X264-DEFLATE.cyr_utf8.txt
2019-08-30 22:06:05,732:__main__:Removed C:\Users\darkstar\Desktop\Travelers.2016.S01E03.BDRip.X264-DEFLATE.cyr.srt
2019-08-30 22:06:05,732:__main__:Removed C:\Users\darkstar\Desktop\Travelers.2016.S01E03.BDRip.X264-DEFLATE.cyr_utf8.txt
2019-08-30 22:06:05,732:__main__:Removed C:\Users\darkstar\Desktop\Travelers.2016.S01E04.BDRip.X264-DEFLATE.cyr.srt
2019-08-30 22:06:05,732:__main__:Removed C:\Users\darkstar\Desktop\Travelers.2016.S01E04.BDRip.X264-DEFLATE.cyr_utf8.txt
2019-08-30 22:06:05,732:__main__:Removed C:\Users\darkstar\Desktop\Travelers.2016.S01E05.BDRip.X264-DEFLATE.cyr.srt
2019-08-30 22:06:05,748:__main__:Removed C:\Users\darkstar\Desktop\Travelers.2016.S01E05.BDRip.X264-DEFLATE.cyr_utf8.txt
2019-08-30 22:06:05,748:__main__:Removed C:\Users\darkstar\Desktop\Travelers.2016.S01E06.BDRip.X264-DEFLATE.cyr.srt
2019-08-30 22:06:05,748:__main__:Removed C:\Users\darkstar\Desktop\Travelers.2016.S01E06.BDRip.X264-DEFLATE.cyr_utf8.txt
2019-08-30 22:06:05,748:__main__:Removed C:\Users\darkstar\Desktop\Travelers.2016.S01E07.BDRip.X264-DEFLATE.cyr.srt
2019-08-30 22:06:05,748:__main__:Removed C:\Users\darkstar\Desktop\Travelers.2016.S01E07.BDRip.X264-DEFLATE.cyr_utf8.txt
2019-08-30 22:06:05,748:__main__:Removed C:\Users\darkstar\Desktop\Travelers.2016.S01E08.BDRip.X264-DEFLATE.cyr.srt
2019-08-30 22:06:05,748:__main__:Removed C:\Users\darkstar\Desktop\Travelers.2016.S01E08.BDRip.X264-DEFLATE.cyr_utf8.txt
2019-08-30 22:06:05,748:__main__:Removed C:\Users\darkstar\Desktop\Travelers.2016.S01E09.BDRip.X264-DEFLATE.cyr.srt
2019-08-30 22:06:05,748:__main__:Removed C:\Users\darkstar\Desktop\Travelers.2016.S01E09.BDRip.X264-DEFLATE.cyr_utf8.txt
2019-08-30 22:06:05,748:__main__:Removed C:\Users\darkstar\Desktop\Travelers.2016.S01E10.BDRip.X264-DEFLATE.cyr.srt
2019-08-30 22:06:05,748:__main__:Removed C:\Users\darkstar\Desktop\Travelers.2016.S01E10.BDRip.X264-DEFLATE.cyr_utf8.txt
2019-08-30 22:06:05,748:__main__:ZIP file saved sucessfully: C:\Users\darkstar\Desktop\new_file.zip
2019-08-30 22:17:18,251:__main__:FileHandler: Ready for multiple files.
2019-08-30 22:21:20,762:__main__:FileHandler: Ready for multiple files.
2019-08-30 22:22:27,814:__main__:Removed C:\Users\darkstar\Desktop\Travelers.2016.S01E01.BDRip.X264-DEFLATE.cyr.srt
2019-08-30 22:22:27,814:__main__:Removed C:\Users\darkstar\Desktop\Travelers.2016.S01E01.BDRip.X264-DEFLATE.cyr_utf8.txt
2019-08-30 22:22:27,814:__main__:Removed C:\Users\darkstar\Desktop\Travelers.2016.S01E02.BDRip.X264-DEFLATE.cyr.srt
2019-08-30 22:22:27,814:__main__:Removed C:\Users\darkstar\Desktop\Travelers.2016.S01E02.BDRip.X264-DEFLATE.cyr_utf8.txt
2019-08-30 22:22:27,814:__main__:Removed C:\Users\darkstar\Desktop\Travelers.2016.S01E03.BDRip.X264-DEFLATE.cyr.srt
2019-08-30 22:22:27,814:__main__:Removed C:\Users\darkstar\Desktop\Travelers.2016.S01E03.BDRip.X264-DEFLATE.cyr_utf8.txt
2019-08-30 22:22:27,814:__main__:Removed C:\Users\darkstar\Desktop\Travelers.2016.S01E04.BDRip.X264-DEFLATE.cyr.srt
2019-08-30 22:22:27,814:__main__:Removed C:\Users\darkstar\Desktop\Travelers.2016.S01E04.BDRip.X264-DEFLATE.cyr_utf8.txt
2019-08-30 22:22:27,814:__main__:Removed C:\Users\darkstar\Desktop\Travelers.2016.S01E05.BDRip.X264-DEFLATE.cyr.srt
2019-08-30 22:22:27,814:__main__:Removed C:\Users\darkstar\Desktop\Travelers.2016.S01E05.BDRip.X264-DEFLATE.cyr_utf8.txt
2019-08-30 22:22:27,814:__main__:Removed C:\Users\darkstar\Desktop\Travelers.2016.S01E06.BDRip.X264-DEFLATE.cyr.srt
2019-08-30 22:22:27,814:__main__:Removed C:\Users\darkstar\Desktop\Travelers.2016.S01E06.BDRip.X264-DEFLATE.cyr_utf8.txt
2019-08-30 22:22:27,814:__main__:Removed C:\Users\darkstar\Desktop\Travelers.2016.S01E07.BDRip.X264-DEFLATE.cyr.srt
2019-08-30 22:22:27,829:__main__:Removed C:\Users\darkstar\Desktop\Travelers.2016.S01E07.BDRip.X264-DEFLATE.cyr_utf8.txt
2019-08-30 22:22:27,829:__main__:Removed C:\Users\darkstar\Desktop\Travelers.2016.S01E08.BDRip.X264-DEFLATE.cyr.srt
2019-08-30 22:22:27,829:__main__:Removed C:\Users\darkstar\Desktop\Travelers.2016.S01E08.BDRip.X264-DEFLATE.cyr_utf8.txt
2019-08-30 22:22:27,829:__main__:Removed C:\Users\darkstar\Desktop\Travelers.2016.S01E09.BDRip.X264-DEFLATE.cyr.srt
2019-08-30 22:22:27,829:__main__:Removed C:\Users\darkstar\Desktop\Travelers.2016.S01E09.BDRip.X264-DEFLATE.cyr_utf8.txt
2019-08-30 22:22:27,829:__main__:Removed C:\Users\darkstar\Desktop\Travelers.2016.S01E10.BDRip.X264-DEFLATE.cyr.srt
2019-08-30 22:22:27,829:__main__:Removed C:\Users\darkstar\Desktop\Travelers.2016.S01E10.BDRip.X264-DEFLATE.cyr_utf8.txt
2019-08-30 22:22:27,829:__main__:ZIP file saved sucessfully: C:\Users\darkstar\Desktop\new_file.zip
2019-08-30 22:25:40,063:__main__:File opened: Travelers.2016.S01E01.BDRip.X264-DEFLATE.srt
2019-08-30 22:39:10,606:__main__:FileHandler: Ready for multiple files.
2019-08-30 22:39:35,222:__main__:Removed C:\Users\darkstar\Desktop\Travelers.2016.S01E01.BDRip.X264-DEFLATE.cyr.srt
2019-08-30 22:39:35,222:__main__:Removed C:\Users\darkstar\Desktop\Travelers.2016.S01E01.BDRip.X264-DEFLATE.cyr_utf8.txt
2019-08-30 22:39:35,222:__main__:Removed C:\Users\darkstar\Desktop\Travelers.2016.S01E02.BDRip.X264-DEFLATE.cyr.srt
2019-08-30 22:39:35,222:__main__:Removed C:\Users\darkstar\Desktop\Travelers.2016.S01E02.BDRip.X264-DEFLATE.cyr_utf8.txt
2019-08-30 22:39:35,222:__main__:Removed C:\Users\darkstar\Desktop\Travelers.2016.S01E03.BDRip.X264-DEFLATE.cyr.srt
2019-08-30 22:39:35,222:__main__:Removed C:\Users\darkstar\Desktop\Travelers.2016.S01E03.BDRip.X264-DEFLATE.cyr_utf8.txt
2019-08-30 22:39:35,222:__main__:ZIP file saved sucessfully: C:\Users\darkstar\Desktop\new_file.zip
2019-08-30 22:55:40,811:__main__:FileHandler: Ready for multiple files.
2019-08-30 22:57:22,199:__main__:FileHandler: Ready for multiple files.
2019-08-30 22:57:41,905:__main__:Removed C:\Users\darkstar\Desktop\Travelers.2016.S01E01.BDRip.X264-DEFLATE.cyr.srt
2019-08-30 22:57:41,905:__main__:Removed C:\Users\darkstar\Desktop\Travelers.2016.S01E01.BDRip.X264-DEFLATE.cyr_utf8.txt
2019-08-30 22:57:41,905:__main__:Removed C:\Users\darkstar\Desktop\Travelers.2016.S01E02.BDRip.X264-DEFLATE.cyr.srt
2019-08-30 22:57:41,905:__main__:Removed C:\Users\darkstar\Desktop\Travelers.2016.S01E02.BDRip.X264-DEFLATE.cyr_utf8.txt
2019-08-30 22:57:41,905:__main__:Removed C:\Users\darkstar\Desktop\Travelers.2016.S01E03.BDRip.X264-DEFLATE.cyr.srt
2019-08-30 22:57:41,905:__main__:Removed C:\Users\darkstar\Desktop\Travelers.2016.S01E03.BDRip.X264-DEFLATE.cyr_utf8.txt
2019-08-30 22:57:41,905:__main__:ZIP file saved sucessfully: C:\Users\darkstar\Desktop\new_file.zip
2019-08-30 22:58:58,531:__main__:File opened: Travelers.2016.S01E01.BDRip.X264-DEFLATE.srt
2019-08-30 23:01:45,398:__main__:FileHandler: Ready for multiple files.
2019-08-30 23:02:46,261:__main__:Removed C:\Users\darkstar\Desktop\Travelers.2016.S01E01.BDRip.X264-DEFLATE.cyr.srt
2019-08-30 23:02:46,261:__main__:Removed C:\Users\darkstar\Desktop\Travelers.2016.S01E01.BDRip.X264-DEFLATE.cyr_utf8.txt
2019-08-30 23:02:46,261:__main__:Removed C:\Users\darkstar\Desktop\Travelers.2016.S01E02.BDRip.X264-DEFLATE.cyr.srt
2019-08-30 23:02:46,261:__main__:Removed C:\Users\darkstar\Desktop\Travelers.2016.S01E02.BDRip.X264-DEFLATE.cyr_utf8.txt
2019-08-30 23:02:46,261:__main__:Removed C:\Users\darkstar\Desktop\Travelers.2016.S01E03.BDRip.X264-DEFLATE.cyr.srt
2019-08-30 23:02:46,261:__main__:Removed C:\Users\darkstar\Desktop\Travelers.2016.S01E03.BDRip.X264-DEFLATE.cyr_utf8.txt
2019-08-30 23:02:46,261:__main__:Removed C:\Users\darkstar\Desktop\Travelers.2016.S01E04.BDRip.X264-DEFLATE.cyr.srt
2019-08-30 23:02:46,261:__main__:Removed C:\Users\darkstar\Desktop\Travelers.2016.S01E04.BDRip.X264-DEFLATE.cyr_utf8.txt
2019-08-30 23:02:46,261:__main__:Removed C:\Users\darkstar\Desktop\Travelers.2016.S01E05.BDRip.X264-DEFLATE.cyr.srt
2019-08-30 23:02:46,261:__main__:Removed C:\Users\darkstar\Desktop\Travelers.2016.S01E05.BDRip.X264-DEFLATE.cyr_utf8.txt
2019-08-30 23:02:46,276:__main__:Removed C:\Users\darkstar\Desktop\Travelers.2016.S01E06.BDRip.X264-DEFLATE.cyr.srt
2019-08-30 23:02:46,276:__main__:Removed C:\Users\darkstar\Desktop\Travelers.2016.S01E06.BDRip.X264-DEFLATE.cyr_utf8.txt
2019-08-30 23:02:46,276:__main__:Removed C:\Users\darkstar\Desktop\Travelers.2016.S01E07.BDRip.X264-DEFLATE.cyr.srt
2019-08-30 23:02:46,276:__main__:Removed C:\Users\darkstar\Desktop\Travelers.2016.S01E07.BDRip.X264-DEFLATE.cyr_utf8.txt
2019-08-30 23:02:46,276:__main__:Removed C:\Users\darkstar\Desktop\Travelers.2016.S01E08.BDRip.X264-DEFLATE.cyr.srt
2019-08-30 23:02:46,276:__main__:Removed C:\Users\darkstar\Desktop\Travelers.2016.S01E08.BDRip.X264-DEFLATE.cyr_utf8.txt
2019-08-30 23:02:46,276:__main__:Removed C:\Users\darkstar\Desktop\Travelers.2016.S01E09.BDRip.X264-DEFLATE.cyr.srt
2019-08-30 23:02:46,276:__main__:Removed C:\Users\darkstar\Desktop\Travelers.2016.S01E09.BDRip.X264-DEFLATE.cyr_utf8.txt
2019-08-30 23:02:46,276:__main__:Removed C:\Users\darkstar\Desktop\Travelers.2016.S01E10.BDRip.X264-DEFLATE.cyr.srt
2019-08-30 23:02:46,276:__main__:Removed C:\Users\darkstar\Desktop\Travelers.2016.S01E10.BDRip.X264-DEFLATE.cyr_utf8.txt
2019-08-30 23:02:46,276:__main__:Removed C:\Users\darkstar\Desktop\Travelers.2016.S01E11.BDRip.X264-DEFLATE.cyr.srt
2019-08-30 23:02:46,276:__main__:Removed C:\Users\darkstar\Desktop\Travelers.2016.S01E11.BDRip.X264-DEFLATE.cyr_utf8.txt
2019-08-30 23:02:46,292:__main__:Removed C:\Users\darkstar\Desktop\Travelers.2016.S01E12.BDRip.X264-DEFLATE.cyr.srt
2019-08-30 23:02:46,292:__main__:Removed C:\Users\darkstar\Desktop\Travelers.2016.S01E12.BDRip.X264-DEFLATE.cyr_utf8.txt
2019-08-30 23:02:46,292:__main__:ZIP file saved sucessfully: C:\Users\darkstar\Desktop\new_file.zip
2019-08-30 23:12:06,576:__main__:FileHandler: Ready for multiple files.
2019-08-30 23:13:27,897:__main__:Removed C:\Users\darkstar\Desktop\Travelers.2016.S01E01.BDRip.X264-DEFLATE.cyr.srt
2019-08-30 23:13:27,897:__main__:Removed C:\Users\darkstar\Desktop\Travelers.2016.S01E01.BDRip.X264-DEFLATE.cyr_utf8.txt
2019-08-30 23:13:27,897:__main__:Removed C:\Users\darkstar\Desktop\Travelers.2016.S01E02.BDRip.X264-DEFLATE.cyr.srt
2019-08-30 23:13:27,897:__main__:Removed C:\Users\darkstar\Desktop\Travelers.2016.S01E02.BDRip.X264-DEFLATE.cyr_utf8.txt
2019-08-30 23:13:27,897:__main__:Removed C:\Users\darkstar\Desktop\Travelers.2016.S01E03.BDRip.X264-DEFLATE.cyr.srt
2019-08-30 23:13:27,897:__main__:Removed C:\Users\darkstar\Desktop\Travelers.2016.S01E03.BDRip.X264-DEFLATE.cyr_utf8.txt
2019-08-30 23:13:27,897:__main__:Removed C:\Users\darkstar\Desktop\Travelers.2016.S01E04.BDRip.X264-DEFLATE.cyr.srt
2019-08-30 23:13:27,897:__main__:Removed C:\Users\darkstar\Desktop\Travelers.2016.S01E04.BDRip.X264-DEFLATE.cyr_utf8.txt
2019-08-30 23:13:27,897:__main__:Removed C:\Users\darkstar\Desktop\Travelers.2016.S01E05.BDRip.X264-DEFLATE.cyr.srt
2019-08-30 23:13:27,897:__main__:Removed C:\Users\darkstar\Desktop\Travelers.2016.S01E05.BDRip.X264-DEFLATE.cyr_utf8.txt
2019-08-30 23:13:27,897:__main__:Removed C:\Users\darkstar\Desktop\Travelers.2016.S01E06.BDRip.X264-DEFLATE.cyr.srt
2019-08-30 23:13:27,913:__main__:Removed C:\Users\darkstar\Desktop\Travelers.2016.S01E06.BDRip.X264-DEFLATE.cyr_utf8.txt
2019-08-30 23:13:27,913:__main__:Removed C:\Users\darkstar\Desktop\Travelers.2016.S01E07.BDRip.X264-DEFLATE.cyr.srt
2019-08-30 23:13:27,913:__main__:Removed C:\Users\darkstar\Desktop\Travelers.2016.S01E07.BDRip.X264-DEFLATE.cyr_utf8.txt
2019-08-30 23:13:27,913:__main__:Removed C:\Users\darkstar\Desktop\Travelers.2016.S01E08.BDRip.X264-DEFLATE.cyr.srt
2019-08-30 23:13:27,913:__main__:Removed C:\Users\darkstar\Desktop\Travelers.2016.S01E08.BDRip.X264-DEFLATE.cyr_utf8.txt
2019-08-30 23:13:27,913:__main__:Removed C:\Users\darkstar\Desktop\Travelers.2016.S01E09.BDRip.X264-DEFLATE.cyr.srt
2019-08-30 23:13:27,913:__main__:Removed C:\Users\darkstar\Desktop\Travelers.2016.S01E09.BDRip.X264-DEFLATE.cyr_utf8.txt
2019-08-30 23:13:27,913:__main__:Removed C:\Users\darkstar\Desktop\Travelers.2016.S01E10.BDRip.X264-DEFLATE.cyr.srt
2019-08-30 23:13:27,913:__main__:Removed C:\Users\darkstar\Desktop\Travelers.2016.S01E10.BDRip.X264-DEFLATE.cyr_utf8.txt
2019-08-30 23:13:27,913:__main__:Removed C:\Users\darkstar\Desktop\Travelers.2016.S01E11.BDRip.X264-DEFLATE.cyr.srt
2019-08-30 23:13:27,913:__main__:Removed C:\Users\darkstar\Desktop\Travelers.2016.S01E11.BDRip.X264-DEFLATE.cyr_utf8.txt
2019-08-30 23:13:27,913:__main__:Removed C:\Users\darkstar\Desktop\Travelers.2016.S01E12.BDRip.X264-DEFLATE.cyr.srt
2019-08-30 23:13:27,913:__main__:Removed C:\Users\darkstar\Desktop\Travelers.2016.S01E12.BDRip.X264-DEFLATE.cyr_utf8.txt
2019-08-30 23:13:27,913:__main__:ZIP file saved sucessfully: C:\Users\darkstar\Desktop\new_file.zip
2019-08-30 23:18:06,453:__main__:FileHandler: Ready for multiple files.
2019-08-30 23:18:59,004:__main__:Removed C:\Users\darkstar\Desktop\Travelers.2016.S01E01.BDRip.X264-DEFLATE.cyr.srt
2019-08-30 23:18:59,004:__main__:Removed C:\Users\darkstar\Desktop\Travelers.2016.S01E01.BDRip.X264-DEFLATE.cyr_utf8.txt
2019-08-30 23:18:59,004:__main__:Removed C:\Users\darkstar\Desktop\Travelers.2016.S01E02.BDRip.X264-DEFLATE.cyr.srt
2019-08-30 23:18:59,004:__main__:Removed C:\Users\darkstar\Desktop\Travelers.2016.S01E02.BDRip.X264-DEFLATE.cyr_utf8.txt
2019-08-30 23:18:59,004:__main__:Removed C:\Users\darkstar\Desktop\Travelers.2016.S01E03.BDRip.X264-DEFLATE.cyr.srt
2019-08-30 23:18:59,004:__main__:Removed C:\Users\darkstar\Desktop\Travelers.2016.S01E03.BDRip.X264-DEFLATE.cyr_utf8.txt
2019-08-30 23:18:59,004:__main__:Removed C:\Users\darkstar\Desktop\Travelers.2016.S01E04.BDRip.X264-DEFLATE.cyr.srt
2019-08-30 23:18:59,004:__main__:Removed C:\Users\darkstar\Desktop\Travelers.2016.S01E04.BDRip.X264-DEFLATE.cyr_utf8.txt
2019-08-30 23:18:59,020:__main__:Removed C:\Users\darkstar\Desktop\Travelers.2016.S01E05.BDRip.X264-DEFLATE.cyr.srt
2019-08-30 23:18:59,020:__main__:Removed C:\Users\darkstar\Desktop\Travelers.2016.S01E05.BDRip.X264-DEFLATE.cyr_utf8.txt
2019-08-30 23:18:59,020:__main__:Removed C:\Users\darkstar\Desktop\Travelers.2016.S01E06.BDRip.X264-DEFLATE.cyr.srt
2019-08-30 23:18:59,020:__main__:Removed C:\Users\darkstar\Desktop\Travelers.2016.S01E06.BDRip.X264-DEFLATE.cyr_utf8.txt
2019-08-30 23:18:59,020:__main__:Removed C:\Users\darkstar\Desktop\Travelers.2016.S01E07.BDRip.X264-DEFLATE.cyr.srt
2019-08-30 23:18:59,020:__main__:Removed C:\Users\darkstar\Desktop\Travelers.2016.S01E07.BDRip.X264-DEFLATE.cyr_utf8.txt
2019-08-30 23:18:59,020:__main__:Removed C:\Users\darkstar\Desktop\Travelers.2016.S01E08.BDRip.X264-DEFLATE.cyr.srt
2019-08-30 23:18:59,020:__main__:Removed C:\Users\darkstar\Desktop\Travelers.2016.S01E08.BDRip.X264-DEFLATE.cyr_utf8.txt
2019-08-30 23:18:59,020:__main__:Removed C:\Users\darkstar\Desktop\Travelers.2016.S01E09.BDRip.X264-DEFLATE.cyr.srt
2019-08-30 23:18:59,020:__main__:Removed C:\Users\darkstar\Desktop\Travelers.2016.S01E09.BDRip.X264-DEFLATE.cyr_utf8.txt
2019-08-30 23:18:59,020:__main__:Removed C:\Users\darkstar\Desktop\Travelers.2016.S01E10.BDRip.X264-DEFLATE.cyr.srt
2019-08-30 23:18:59,020:__main__:Removed C:\Users\darkstar\Desktop\Travelers.2016.S01E10.BDRip.X264-DEFLATE.cyr_utf8.txt
2019-08-30 23:18:59,020:__main__:Removed C:\Users\darkstar\Desktop\Travelers.2016.S01E11.BDRip.X264-DEFLATE.cyr.srt
2019-08-30 23:18:59,020:__main__:Removed C:\Users\darkstar\Desktop\Travelers.2016.S01E11.BDRip.X264-DEFLATE.cyr_utf8.txt
2019-08-30 23:18:59,020:__main__:Removed C:\Users\darkstar\Desktop\Travelers.2016.S01E12.BDRip.X264-DEFLATE.cyr.srt
2019-08-30 23:18:59,020:__main__:Removed C:\Users\darkstar\Desktop\Travelers.2016.S01E12.BDRip.X264-DEFLATE.cyr_utf8.txt
2019-08-30 23:18:59,020:__main__:ZIP file saved sucessfully: C:\Users\darkstar\Desktop\new_file.zip
2019-08-30 23:34:29,644:__main__:FileHandler: Ready for multiple files.
2019-08-30 23:36:42,505:__main__:FileHandler: Ready for multiple files.
2019-08-30 23:37:10,952:__main__:Removed C:\Users\darkstar\Desktop\Travelers.2016.S01E01.BDRip.X264-DEFLATE.cyr.srt
2019-08-30 23:37:10,952:__main__:Removed C:\Users\darkstar\Desktop\Travelers.2016.S01E01.BDRip.X264-DEFLATE.cyr_utf8.txt
2019-08-30 23:37:10,952:__main__:Removed C:\Users\darkstar\Desktop\Travelers.2016.S01E02.BDRip.X264-DEFLATE.cyr.srt
2019-08-30 23:37:10,952:__main__:Removed C:\Users\darkstar\Desktop\Travelers.2016.S01E02.BDRip.X264-DEFLATE.cyr_utf8.txt
2019-08-30 23:37:10,952:__main__:Removed C:\Users\darkstar\Desktop\Travelers.2016.S01E03.BDRip.X264-DEFLATE.cyr.srt
2019-08-30 23:37:10,952:__main__:Removed C:\Users\darkstar\Desktop\Travelers.2016.S01E03.BDRip.X264-DEFLATE.cyr_utf8.txt
2019-08-30 23:37:10,952:__main__:Removed C:\Users\darkstar\Desktop\Travelers.2016.S01E04.BDRip.X264-DEFLATE.cyr.srt
2019-08-30 23:37:10,952:__main__:Removed C:\Users\darkstar\Desktop\Travelers.2016.S01E04.BDRip.X264-DEFLATE.cyr_utf8.txt
2019-08-30 23:37:10,952:__main__:Removed C:\Users\darkstar\Desktop\Travelers.2016.S01E05.BDRip.X264-DEFLATE.cyr.srt
2019-08-30 23:37:10,952:__main__:Removed C:\Users\darkstar\Desktop\Travelers.2016.S01E05.BDRip.X264-DEFLATE.cyr_utf8.txt
2019-08-30 23:37:10,952:__main__:Removed C:\Users\darkstar\Desktop\Travelers.2016.S01E06.BDRip.X264-DEFLATE.cyr.srt
2019-08-30 23:37:10,952:__main__:Removed C:\Users\darkstar\Desktop\Travelers.2016.S01E06.BDRip.X264-DEFLATE.cyr_utf8.txt
2019-08-30 23:37:10,952:__main__:Removed C:\Users\darkstar\Desktop\Travelers.2016.S01E07.BDRip.X264-DEFLATE.cyr.srt
2019-08-30 23:37:10,968:__main__:Removed C:\Users\darkstar\Desktop\Travelers.2016.S01E07.BDRip.X264-DEFLATE.cyr_utf8.txt
2019-08-30 23:37:10,968:__main__:Removed C:\Users\darkstar\Desktop\Travelers.2016.S01E08.BDRip.X264-DEFLATE.cyr.srt
2019-08-30 23:37:10,968:__main__:Removed C:\Users\darkstar\Desktop\Travelers.2016.S01E08.BDRip.X264-DEFLATE.cyr_utf8.txt
2019-08-30 23:37:10,968:__main__:ZIP file saved sucessfully: C:\Users\darkstar\Desktop\new_file.zip
2019-08-30 23:53:38,303:__main__:FileHandler: Ready for multiple files.
2019-08-30 23:53:59,484:__main__:Removed C:\Users\darkstar\Desktop\Travelers.2016.S01E01.BDRip.X264-DEFLATE.cyr.srt
2019-08-30 23:53:59,484:__main__:Removed C:\Users\darkstar\Desktop\Travelers.2016.S01E01.BDRip.X264-DEFLATE.cyr_utf8.txt
2019-08-30 23:53:59,484:__main__:Removed C:\Users\darkstar\Desktop\Travelers.2016.S01E02.BDRip.X264-DEFLATE.cyr.srt
2019-08-30 23:53:59,484:__main__:Removed C:\Users\darkstar\Desktop\Travelers.2016.S01E02.BDRip.X264-DEFLATE.cyr_utf8.txt
2019-08-30 23:53:59,484:__main__:Removed C:\Users\darkstar\Desktop\Travelers.2016.S01E03.BDRip.X264-DEFLATE.cyr.srt
2019-08-30 23:53:59,500:__main__:Removed C:\Users\darkstar\Desktop\Travelers.2016.S01E03.BDRip.X264-DEFLATE.cyr_utf8.txt
2019-08-30 23:53:59,500:__main__:Removed C:\Users\darkstar\Desktop\Travelers.2016.S01E04.BDRip.X264-DEFLATE.cyr.srt
2019-08-30 23:53:59,500:__main__:Removed C:\Users\darkstar\Desktop\Travelers.2016.S01E04.BDRip.X264-DEFLATE.cyr_utf8.txt
2019-08-30 23:53:59,500:__main__:Removed C:\Users\darkstar\Desktop\Travelers.2016.S01E05.BDRip.X264-DEFLATE.cyr.srt
2019-08-30 23:53:59,500:__main__:Removed C:\Users\darkstar\Desktop\Travelers.2016.S01E05.BDRip.X264-DEFLATE.cyr_utf8.txt
2019-08-30 23:53:59,500:__main__:Removed C:\Users\darkstar\Desktop\Travelers.2016.S01E06.BDRip.X264-DEFLATE.cyr.srt
2019-08-30 23:53:59,500:__main__:Removed C:\Users\darkstar\Desktop\Travelers.2016.S01E06.BDRip.X264-DEFLATE.cyr_utf8.txt
2019-08-30 23:53:59,500:__main__:Removed C:\Users\darkstar\Desktop\Travelers.2016.S01E07.BDRip.X264-DEFLATE.cyr.srt
2019-08-30 23:53:59,500:__main__:Removed C:\Users\darkstar\Desktop\Travelers.2016.S01E07.BDRip.X264-DEFLATE.cyr_utf8.txt
2019-08-30 23:53:59,500:__main__:Removed C:\Users\darkstar\Desktop\Travelers.2016.S01E08.BDRip.X264-DEFLATE.cyr.srt
2019-08-30 23:53:59,500:__main__:Removed C:\Users\darkstar\Desktop\Travelers.2016.S01E08.BDRip.X264-DEFLATE.cyr_utf8.txt
2019-08-30 23:53:59,500:__main__:Removed C:\Users\darkstar\Desktop\Travelers.2016.S01E09.BDRip.X264-DEFLATE.cyr.srt
2019-08-30 23:53:59,500:__main__:Removed C:\Users\darkstar\Desktop\Travelers.2016.S01E09.BDRip.X264-DEFLATE.cyr_utf8.txt
2019-08-30 23:53:59,500:__main__:Removed C:\Users\darkstar\Desktop\Travelers.2016.S01E10.BDRip.X264-DEFLATE.cyr.srt
2019-08-30 23:53:59,500:__main__:Removed C:\Users\darkstar\Desktop\Travelers.2016.S01E10.BDRip.X264-DEFLATE.cyr_utf8.txt
2019-08-30 23:53:59,500:__main__:ZIP file saved sucessfully: C:\Users\darkstar\Desktop\new_file.zip
2019-08-30 23:56:08,376:__main__:FileHandler: Ready for multiple files.
2019-08-30 23:57:02,177:__main__:Removed C:\Users\darkstar\Desktop\Travelers.2016.S01E01.BDRip.X264-DEFLATE.cyr.srt
2019-08-30 23:57:02,177:__main__:Removed C:\Users\darkstar\Desktop\Travelers.2016.S01E01.BDRip.X264-DEFLATE.cyr_utf8.txt
2019-08-30 23:57:02,177:__main__:Removed C:\Users\darkstar\Desktop\Travelers.2016.S01E02.BDRip.X264-DEFLATE.cyr.srt
2019-08-30 23:57:02,177:__main__:Removed C:\Users\darkstar\Desktop\Travelers.2016.S01E02.BDRip.X264-DEFLATE.cyr_utf8.txt
2019-08-30 23:57:02,177:__main__:Removed C:\Users\darkstar\Desktop\Travelers.2016.S01E03.BDRip.X264-DEFLATE.cyr.srt
2019-08-30 23:57:02,192:__main__:Removed C:\Users\darkstar\Desktop\Travelers.2016.S01E03.BDRip.X264-DEFLATE.cyr_utf8.txt
2019-08-30 23:57:02,192:__main__:Removed C:\Users\darkstar\Desktop\Travelers.2016.S01E04.BDRip.X264-DEFLATE.cyr.srt
2019-08-30 23:57:02,192:__main__:Removed C:\Users\darkstar\Desktop\Travelers.2016.S01E04.BDRip.X264-DEFLATE.cyr_utf8.txt
2019-08-30 23:57:02,192:__main__:Removed C:\Users\darkstar\Desktop\Travelers.2016.S01E05.BDRip.X264-DEFLATE.cyr.srt
2019-08-30 23:57:02,192:__main__:Removed C:\Users\darkstar\Desktop\Travelers.2016.S01E05.BDRip.X264-DEFLATE.cyr_utf8.txt
2019-08-30 23:57:02,192:__main__:Removed C:\Users\darkstar\Desktop\Travelers.2016.S01E06.BDRip.X264-DEFLATE.cyr.srt
2019-08-30 23:57:02,192:__main__:Removed C:\Users\darkstar\Desktop\Travelers.2016.S01E06.BDRip.X264-DEFLATE.cyr_utf8.txt
2019-08-30 23:57:02,192:__main__:Removed C:\Users\darkstar\Desktop\Travelers.2016.S01E07.BDRip.X264-DEFLATE.cyr.srt
2019-08-30 23:57:02,192:__main__:Removed C:\Users\darkstar\Desktop\Travelers.2016.S01E07.BDRip.X264-DEFLATE.cyr_utf8.txt
2019-08-30 23:57:02,192:__main__:Removed C:\Users\darkstar\Desktop\Travelers.2016.S01E08.BDRip.X264-DEFLATE.cyr.srt
2019-08-30 23:57:02,192:__main__:Removed C:\Users\darkstar\Desktop\Travelers.2016.S01E08.BDRip.X264-DEFLATE.cyr_utf8.txt
2019-08-30 23:57:02,192:__main__:Removed C:\Users\darkstar\Desktop\Travelers.2016.S01E09.BDRip.X264-DEFLATE.cyr.srt
2019-08-30 23:57:02,192:__main__:Removed C:\Users\darkstar\Desktop\Travelers.2016.S01E09.BDRip.X264-DEFLATE.cyr_utf8.txt
2019-08-30 23:57:02,192:__main__:Removed C:\Users\darkstar\Desktop\Travelers.2016.S01E10.BDRip.X264-DEFLATE.cyr.srt
2019-08-30 23:57:02,192:__main__:Removed C:\Users\darkstar\Desktop\Travelers.2016.S01E10.BDRip.X264-DEFLATE.cyr_utf8.txt
2019-08-30 23:57:02,192:__main__:Removed C:\Users\darkstar\Desktop\Travelers.2016.S01E11.BDRip.X264-DEFLATE.cyr.srt
2019-08-30 23:57:02,192:__main__:Removed C:\Users\darkstar\Desktop\Travelers.2016.S01E11.BDRip.X264-DEFLATE.cyr_utf8.txt
2019-08-30 23:57:02,192:__main__:Removed C:\Users\darkstar\Desktop\Travelers.2016.S01E12.BDRip.X264-DEFLATE.cyr.srt
2019-08-30 23:57:02,192:__main__:Removed C:\Users\darkstar\Desktop\Travelers.2016.S01E12.BDRip.X264-DEFLATE.cyr_utf8.txt
2019-08-30 23:57:02,208:__main__:ZIP file saved sucessfully: C:\Users\darkstar\Desktop\new_file.zip
2019-08-30 23:57:42,738:__main__:FileHandler: Ready for multiple files.
2019-08-30 23:58:02,481:__main__:Removed C:\Users\darkstar\Desktop\Travelers.2016.S01E01.BDRip.X264-DEFLATE.cyr.srt
2019-08-30 23:58:02,481:__main__:Removed C:\Users\darkstar\Desktop\Travelers.2016.S01E01.BDRip.X264-DEFLATE.cyr_utf8.txt
2019-08-30 23:58:02,481:__main__:Removed C:\Users\darkstar\Desktop\Travelers.2016.S01E02.BDRip.X264-DEFLATE.cyr.srt
2019-08-30 23:58:02,497:__main__:Removed C:\Users\darkstar\Desktop\Travelers.2016.S01E02.BDRip.X264-DEFLATE.cyr_utf8.txt
2019-08-30 23:58:02,497:__main__:Removed C:\Users\darkstar\Desktop\Travelers.2016.S01E03.BDRip.X264-DEFLATE.cyr.srt
2019-08-30 23:58:02,497:__main__:Removed C:\Users\darkstar\Desktop\Travelers.2016.S01E03.BDRip.X264-DEFLATE.cyr_utf8.txt
2019-08-30 23:58:02,497:__main__:Removed C:\Users\darkstar\Desktop\Travelers.2016.S01E04.BDRip.X264-DEFLATE.cyr.srt
2019-08-30 23:58:02,497:__main__:Removed C:\Users\darkstar\Desktop\Travelers.2016.S01E04.BDRip.X264-DEFLATE.cyr_utf8.txt
2019-08-30 23:58:02,497:__main__:Removed C:\Users\darkstar\Desktop\Travelers.2016.S01E05.BDRip.X264-DEFLATE.cyr.srt
2019-08-30 23:58:02,497:__main__:Removed C:\Users\darkstar\Desktop\Travelers.2016.S01E05.BDRip.X264-DEFLATE.cyr_utf8.txt
2019-08-30 23:58:02,497:__main__:Removed C:\Users\darkstar\Desktop\Travelers.2016.S01E06.BDRip.X264-DEFLATE.cyr.srt
2019-08-30 23:58:02,497:__main__:Removed C:\Users\darkstar\Desktop\Travelers.2016.S01E06.BDRip.X264-DEFLATE.cyr_utf8.txt
2019-08-30 23:58:02,497:__main__:Removed C:\Users\darkstar\Desktop\Travelers.2016.S01E07.BDRip.X264-DEFLATE.cyr.srt
2019-08-30 23:58:02,497:__main__:Removed C:\Users\darkstar\Desktop\Travelers.2016.S01E07.BDRip.X264-DEFLATE.cyr_utf8.txt
2019-08-30 23:58:02,497:__main__:Removed C:\Users\darkstar\Desktop\Travelers.2016.S01E08.BDRip.X264-DEFLATE.cyr.srt
2019-08-30 23:58:02,497:__main__:Removed C:\Users\darkstar\Desktop\Travelers.2016.S01E08.BDRip.X264-DEFLATE.cyr_utf8.txt
2019-08-30 23:58:02,497:__main__:Removed C:\Users\darkstar\Desktop\Travelers.2016.S01E09.BDRip.X264-DEFLATE.cyr.srt
2019-08-30 23:58:02,497:__main__:Removed C:\Users\darkstar\Desktop\Travelers.2016.S01E09.BDRip.X264-DEFLATE.cyr_utf8.txt
2019-08-30 23:58:02,497:__main__:Removed C:\Users\darkstar\Desktop\Travelers.2016.S01E10.BDRip.X264-DEFLATE.cyr.srt
2019-08-30 23:58:02,497:__main__:Removed C:\Users\darkstar\Desktop\Travelers.2016.S01E10.BDRip.X264-DEFLATE.cyr_utf8.txt
2019-08-30 23:58:02,497:__main__:Removed C:\Users\darkstar\Desktop\Travelers.2016.S01E11.BDRip.X264-DEFLATE.cyr.srt
2019-08-30 23:58:02,513:__main__:Removed C:\Users\darkstar\Desktop\Travelers.2016.S01E11.BDRip.X264-DEFLATE.cyr_utf8.txt
2019-08-30 23:58:02,513:__main__:Removed C:\Users\darkstar\Desktop\Travelers.2016.S01E12.BDRip.X264-DEFLATE.cyr.srt
2019-08-30 23:58:02,513:__main__:Removed C:\Users\darkstar\Desktop\Travelers.2016.S01E12.BDRip.X264-DEFLATE.cyr_utf8.txt
2019-08-30 23:58:02,513:__main__:ZIP file saved sucessfully: C:\Users\darkstar\Desktop\new_file.zip
2019-08-31 00:11:33,824:__main__:FileHandler: Ready for multiple files.
2019-08-31 00:11:48,260:__main__:ExportZIP IOError
2019-08-31 00:11:48,260:__main__:exportZIP IOError (FileNotFoundError(2, 'No such file or directory'),): 
2019-08-31 00:11:48,276:__main__:Remove files error, (<class 'FileNotFoundError'>, FileNotFoundError(2, 'The system cannot find the file specified'), <traceback object at 0x0489FA58>)
2019-08-31 00:11:48,315:__main__:ZIP file saved sucessfully: C:\Users\darkstar\Desktop\new_file.zip
2019-08-31 00:21:15,782:__main__:FileHandler: Ready for multiple files.
2019-08-31 00:21:26,263:__main__:ExportZIP IOError
2019-08-31 00:21:26,263:__main__:exportZIP IOError (FileNotFoundError(2, 'No such file or directory'),): 
2019-08-31 00:21:26,279:__main__:Remove files error, (<class 'FileNotFoundError'>, FileNotFoundError(2, 'The system cannot find the file specified'), <traceback object at 0x030080F8>)
2019-08-31 00:21:26,294:__main__:Export ZIP, IOError(Travelers.2016.S01.BDRip.X264-DEFLATE[WinError 2] The system cannot find the file specified: 'tmp\\277876-travelers.2016.s01-se.bdrip.x264-deflate.zip'):
2019-08-31 00:21:26,294:__main__:ZIP file saved sucessfully: C:\Users\darkstar\Desktop\new_file.zip
2019-08-31 00:25:24,224:__main__:FileHandler: Ready for multiple files.
2019-08-31 00:25:34,014:__main__:ExportZIP IOError
2019-08-31 00:25:34,014:__main__:exportZIP IOError (FileNotFoundError(2, 'No such file or directory'),): 
2019-08-31 00:25:34,030:__main__:Export ZIP, IOError(Travelers.2016.S01.BDRip.X264-DEFLATE[WinError 2] The system cannot find the file specified: 'tmp\\277876-travelers.2016.s01-se.bdrip.x264-deflate.zip'):
2019-08-31 00:25:34,030:__main__:ZIP file saved sucessfully: C:\Users\darkstar\Desktop\new_file.zip
2019-08-31 00:31:32,069:__main__:FileHandler: Ready for multiple files.
2019-08-31 00:31:44,845:__main__:tANSI:tmp\277876-travelers.2016.s01-se.bdrip.x264-deflate.zip, i: tmp\277876-travelers.2016.s01-se.bdrip.x264-deflate.zip
2019-08-31 00:31:44,845:__main__:ExportZIP IOError
2019-08-31 00:31:44,845:__main__:exportZIP IOError (FileNotFoundError(2, 'No such file or directory'),): 
2019-08-31 00:31:44,845:__main__:tANSI:tmp\Travelers.2016.S01E01.BDRip.X264-DEFLATE.utf8.txt, i: C:\Users\darkstar\Desktop\Travelers.2016.S01E01.BDRip.X264-DEFLATE.utf8.txt
2019-08-31 00:31:44,845:__main__:tANSI:tmp\Travelers.2016.S01E02.BDRip.X264-DEFLATE.utf8.txt, i: C:\Users\darkstar\Desktop\Travelers.2016.S01E02.BDRip.X264-DEFLATE.utf8.txt
2019-08-31 00:31:44,861:__main__:Export ZIP, IOError(Travelers.2016.S01.BDRip.X264-DEFLATE[WinError 2] The system cannot find the file specified: 'tmp\\277876-travelers.2016.s01-se.bdrip.x264-deflate.zip'):
2019-08-31 00:31:44,861:__main__:ZIP file saved sucessfully: C:\Users\darkstar\Desktop\new_file.zip
2019-08-31 00:43:30,908:__main__:FileHandler: Ready for multiple files.
2019-08-31 00:43:40,089:__main__:ExportZIP error, (<class 'AttributeError'>, AttributeError("'str' object has no attribute 'endswit'",), <traceback object at 0x031B1558>)
2019-08-31 00:44:25,573:__main__:FileHandler: Ready for multiple files.
2019-08-31 00:44:34,623:__main__:ExportZIP error, (<class 'AttributeError'>, AttributeError("'str' object has no attribute 'endswit'",), <traceback object at 0x031A1558>)
2019-08-31 00:47:40,240:__main__:FileHandler: Ready for multiple files.
2019-08-31 00:47:48,663:__main__:ExportZIP error, (<class 'AttributeError'>, AttributeError("'str' object has no attribute 'endswit'",), <traceback object at 0x03021558>)
2019-08-31 00:53:27,093:__main__:FileHandler: Ready for multiple files.
2019-08-31 00:53:38,242:__main__:ExportZIP IOError
2019-08-31 00:53:38,242:__main__:exportZIP IOError (FileNotFoundError(2, 'No such file or directory'),): 
2019-08-31 00:53:38,250:__main__:!Traceback (most recent call last):
!  File "c:\Users\darkstar\Desktop\subConverter-0.5.7\subConverter.py", line 1717, in exportZIPmultiple
    for i,x in zip(info, zlist):
!UnboundLocalError: local variable 'zlist' referenced before assignment

2019-08-31 00:53:38,250:__main__:ZIP file saved sucessfully: C:\Users\darkstar\Desktop\new_file.zip
2019-08-31 00:57:03,969:__main__:FileHandler: Ready for multiple files.
2019-08-31 00:57:14,767:__main__:ExportZIP IOError
2019-08-31 00:57:14,767:__main__:exportZIP IOError (FileNotFoundError(2, 'No such file or directory'),): 
2019-08-31 00:57:14,767:__main__:!Traceback (most recent call last):
!  File "c:\Users\darkstar\Desktop\subConverter-0.5.7\subConverter.py", line 1718, in exportZIPmultiple
    for i,x in zip(info, zlist):
!UnboundLocalError: local variable 'zlist' referenced before assignment

2019-08-31 00:57:14,767:__main__:ZIP file saved sucessfully: C:\Users\darkstar\Desktop\new_file.zip
2019-08-31 01:03:35,412:__main__:FileHandler: Ready for multiple files.
2019-08-31 01:03:54,519:__main__:Export ZIP, IOError(Travelers.2016.S01.BDRip.X264-DEFLATE[WinError 2] The system cannot find the file specified: 'tmp\\277876-travelers.2016.s01-se.bdrip.x264-deflate.zip'):
2019-08-31 01:03:54,519:__main__:ZIP file saved sucessfully: C:\Users\darkstar\Desktop\new_file.zip
2019-08-31 01:09:40,447:__main__:FileHandler: Ready for multiple files.
2019-08-31 01:09:50,636:__main__:Export ZIP, IOError(Travelers.2016.S01.BDRip.X264-DEFLATE[WinError 2] The system cannot find the file specified: 'tmp\\277876-travelers.2016.s01-se.bdrip.x264-deflate.zip'):
2019-08-31 01:09:50,636:__main__:ZIP file saved sucessfully: C:\Users\darkstar\Desktop\new_file.zip
2019-08-31 01:11:20,707:__main__:FileHandler: Ready for multiple files.
2019-08-31 01:11:31,916:__main__:Export ZIP_final, IOError(Travelers.2016.S01.BDRip.X264-DEFLATE[WinError 2] The system cannot find the file specified: 'tmp\\277876-travelers.2016.s01-se.bdrip.x264-deflate.zip'):
2019-08-31 01:11:31,916:__main__:ZIP file saved sucessfully: C:\Users\darkstar\Desktop\new_file.zip
2019-08-31 01:16:23,823:__main__:FileHandler: Ready for multiple files.
2019-08-31 01:16:34,130:__main__:Removed tmp\277876-travelers.2016.s01-se.bdrip.x264-deflate.zip
2019-08-31 01:16:34,138:__main__:Removed C:\Users\darkstar\Desktop\Travelers.2016.S01E01.BDRip.X264-DEFLATE.utf8.txt
2019-08-31 01:16:34,138:__main__:Removed C:\Users\darkstar\Desktop\Travelers.2016.S01E02.BDRip.X264-DEFLATE.utf8.txt
2019-08-31 01:16:34,138:__main__:Removed C:\Users\darkstar\Desktop\Travelers.2016.S01E03.BDRip.X264-DEFLATE.utf8.txt
2019-08-31 01:16:34,138:__main__:ZIP file saved sucessfully: C:\Users\darkstar\Desktop\new_file.zip
2019-08-31 01:32:44,224:__main__:FileHandler: Ready for multiple files.
2019-08-31 01:32:45,849:__main__:ToANSI, next input encoding: windows-1250
2019-08-31 01:32:46,006:__main__:ToANSI, next input encoding: windows-1250
2019-08-31 01:32:46,177:__main__:ToANSI, next input encoding: windows-1250
2019-08-31 01:32:46,349:__main__:ToANSI, next input encoding: windows-1250
2019-08-31 01:32:55,319:__main__:Removed tmp\277876-travelers.2016.s01-se.bdrip.x264-deflate.zip
2019-08-31 01:32:55,319:__main__:Removed C:\Users\darkstar\Desktop\Travelers.2016.S01E01.BDRip.X264-DEFLATE.lat.srt
2019-08-31 01:32:55,319:__main__:Removed C:\Users\darkstar\Desktop\Travelers.2016.S01E02.BDRip.X264-DEFLATE.lat.srt
2019-08-31 01:32:55,319:__main__:Removed C:\Users\darkstar\Desktop\Travelers.2016.S01E03.BDRip.X264-DEFLATE.lat.srt
2019-08-31 01:32:55,319:__main__:Removed C:\Users\darkstar\Desktop\Travelers.2016.S01E04.BDRip.X264-DEFLATE.lat.srt
2019-08-31 01:32:55,327:__main__:ZIP file saved sucessfully: C:\Users\darkstar\Desktop\new_file.zip
2019-08-31 01:34:58,011:__main__:FileHandler: Ready for multiple files.
2019-08-31 01:35:29,762:__main__:Removed tmp\277876-travelers.2016.s01-se.bdrip.x264-deflate.zip
2019-08-31 01:35:29,762:__main__:Removed C:\Users\darkstar\Desktop\Travelers.2016.S01E01.BDRip.X264-DEFLATE.utf8.txt
2019-08-31 01:35:29,762:__main__:Removed C:\Users\darkstar\Desktop\Travelers.2016.S01E02.BDRip.X264-DEFLATE.utf8.txt
2019-08-31 01:35:29,762:__main__:Removed C:\Users\darkstar\Desktop\Travelers.2016.S01E03.BDRip.X264-DEFLATE.utf8.txt
2019-08-31 01:35:29,778:__main__:Removed C:\Users\darkstar\Desktop\Travelers.2016.S01E04.BDRip.X264-DEFLATE.utf8.txt
2019-08-31 01:35:29,778:__main__:ZIP file saved sucessfully: C:\Users\darkstar\Desktop\new_file.zip
2019-08-31 01:50:43,589:__main__:ZIP archive: 277876-travelers.2016.s01-se.bdrip.x264-deflate.zip
2019-08-31 01:50:47,279:__main__:FileDrop: Ready for multiple files.
2019-08-31 01:50:59,319:__main__:Removed C:\Users\darkstar\Desktop\Travelers.2016.S01E01.BDRip.X264-DEFLATE.utf8.txt
2019-08-31 01:50:59,319:__main__:Removed C:\Users\darkstar\Desktop\Travelers.2016.S01E02.BDRip.X264-DEFLATE.utf8.txt
2019-08-31 01:50:59,327:__main__:Removed C:\Users\darkstar\Desktop\Travelers.2016.S01E03.BDRip.X264-DEFLATE.utf8.txt
2019-08-31 01:50:59,327:__main__:ZIP file saved sucessfully: C:\Users\darkstar\Desktop\new_file.zip
2019-08-31 01:51:32,994:__main__:Removed C:\Users\darkstar\Desktop\Travelers.2016.S01E01.BDRip.X264-DEFLATE.cyr.srt
2019-08-31 01:51:32,994:__main__:Removed C:\Users\darkstar\Desktop\Travelers.2016.S01E02.BDRip.X264-DEFLATE.cyr.srt
2019-08-31 01:51:32,994:__main__:Removed C:\Users\darkstar\Desktop\Travelers.2016.S01E03.BDRip.X264-DEFLATE.cyr.srt
2019-08-31 01:51:32,994:__main__:Removed C:\Users\darkstar\Desktop\Travelers.2016.S01E01.BDRip.X264-DEFLATE.cyr_utf8.txt
2019-08-31 01:51:32,994:__main__:Removed C:\Users\darkstar\Desktop\Travelers.2016.S01E02.BDRip.X264-DEFLATE.cyr_utf8.txt
2019-08-31 01:51:32,994:__main__:Removed C:\Users\darkstar\Desktop\Travelers.2016.S01E03.BDRip.X264-DEFLATE.cyr_utf8.txt
2019-08-31 01:51:32,994:__main__:ZIP file saved sucessfully: C:\Users\darkstar\Desktop\new_file.zip
